<?xml version="1.0" encoding="UTF-8"?>
<!-- Generated by org.testng.reporters.JUnitXMLReporter -->
<testsuite hostname="ubuntu" name="Regression1" tests="1" failures="1" timestamp="11 Oct 2016 14:30:53 GMT" time="0.201" errors="0">
  <testcase name="Tests" time="0.043" classname="automation.NewTest">
    <failure type="java.lang.NullPointerException">
      <![CDATA[java.lang.NullPointerException
	at automation.NewTest.Tests(NewTest.java:26)
... Removed 24 stack frames]]>
    </failure>
  </testcase> <!-- Tests -->
</testsuite> <!-- Regression1 -->
