<?xml version="1.0" encoding="UTF-8"?>
<testng-results skipped="0" failed="0" total="1" passed="1">
  <reporter-output>
  </reporter-output>
  <suite name="Suite1" duration-ms="3843" started-at="2016-10-11T14:49:23Z" finished-at="2016-10-11T14:49:27Z">
    <groups>
    </groups>
    <test name="Regression1" duration-ms="3843" started-at="2016-10-11T14:49:23Z" finished-at="2016-10-11T14:49:27Z">
      <class name="automation.NewTest">
        <test-method status="PASS" signature="setup()[pri:0, instance:automation.NewTest@4157f54e]" name="setup" is-config="true" duration-ms="3216" started-at="2016-10-11T16:49:23Z" finished-at="2016-10-11T16:49:26Z">
          <reporter-output>
          </reporter-output>
        </test-method> <!-- setup -->
        <test-method status="PASS" signature="DeutscheBank()[pri:0, instance:automation.NewTest@4157f54e]" name="DeutscheBank" duration-ms="563" started-at="2016-10-11T16:49:26Z" finished-at="2016-10-11T16:49:27Z">
          <reporter-output>
          </reporter-output>
        </test-method> <!-- DeutscheBank -->
      </class> <!-- automation.NewTest -->
    </test> <!-- Regression1 -->
  </suite> <!-- Suite1 -->
</testng-results>
