<?xml version="1.0" encoding="UTF-8"?>
<testng-results skipped="0" failed="0" total="1" passed="1">
  <reporter-output>
  </reporter-output>
  <suite name="Default suite" duration-ms="5121" started-at="2016-10-11T15:17:26Z" finished-at="2016-10-11T15:17:31Z">
    <groups>
    </groups>
    <test name="Default test" duration-ms="5121" started-at="2016-10-11T15:17:26Z" finished-at="2016-10-11T15:17:31Z">
      <class name="automation.NewTest">
        <test-method status="PASS" signature="setup()[pri:0, instance:automation.NewTest@475530b9]" name="setup" is-config="true" duration-ms="4815" started-at="2016-10-11T17:17:26Z" finished-at="2016-10-11T17:17:31Z">
          <reporter-output>
          </reporter-output>
        </test-method> <!-- setup -->
        <test-method status="PASS" signature="DeutscheBank()[pri:0, instance:automation.NewTest@475530b9]" name="DeutscheBank" duration-ms="248" started-at="2016-10-11T17:17:31Z" finished-at="2016-10-11T17:17:31Z">
          <reporter-output>
          </reporter-output>
        </test-method> <!-- DeutscheBank -->
      </class> <!-- automation.NewTest -->
    </test> <!-- Default test -->
  </suite> <!-- Default suite -->
</testng-results>
